\BOOKMARK [0][-]{chapter.1}{\376\377\0001\000\040\000I\000n\000d\000e\000x\000\040\000h\000i\000\351\000r\000a\000r\000c\000h\000i\000q\000u\000e}{}% 1
\BOOKMARK [1][-]{section.1.1}{\376\377\0001\000.\0001\000\040\000H\000i\000\351\000r\000a\000r\000c\000h\000i\000e\000\040\000d\000e\000s\000\040\000c\000l\000a\000s\000s\000e\000s}{chapter.1}% 2
\BOOKMARK [0][-]{chapter.2}{\376\377\0002\000\040\000I\000n\000d\000e\000x\000\040\000d\000e\000s\000\040\000c\000l\000a\000s\000s\000e\000s}{}% 3
\BOOKMARK [1][-]{section.2.1}{\376\377\0002\000.\0001\000\040\000L\000i\000s\000t\000e\000\040\000d\000e\000s\000\040\000c\000l\000a\000s\000s\000e\000s}{chapter.2}% 4
\BOOKMARK [0][-]{chapter.3}{\376\377\0003\000\040\000I\000n\000d\000e\000x\000\040\000d\000e\000s\000\040\000f\000i\000c\000h\000i\000e\000r\000s}{}% 5
\BOOKMARK [1][-]{section.3.1}{\376\377\0003\000.\0001\000\040\000L\000i\000s\000t\000e\000\040\000d\000e\000s\000\040\000f\000i\000c\000h\000i\000e\000r\000s}{chapter.3}% 6
\BOOKMARK [0][-]{chapter.4}{\376\377\0004\000\040\000D\000o\000c\000u\000m\000e\000n\000t\000a\000t\000i\000o\000n\000\040\000d\000e\000s\000\040\000c\000l\000a\000s\000s\000e\000s}{}% 7
\BOOKMARK [1][-]{section.4.1}{\376\377\0004\000.\0001\000\040\000R\000\351\000f\000\351\000r\000e\000n\000c\000e\000\040\000d\000e\000\040\000l\000a\000\040\000c\000l\000a\000s\000s\000e\000\040\000A\000f\000f\000i\000c\000h\000a\000g\000e}{chapter.4}% 8
\BOOKMARK [2][-]{subsection.4.1.1}{\376\377\0004\000.\0001\000.\0001\000\040\000D\000e\000s\000c\000r\000i\000p\000t\000i\000o\000n\000\040\000d\000\351\000t\000a\000i\000l\000l\000\351\000e}{section.4.1}% 9
\BOOKMARK [2][-]{subsection.4.1.2}{\376\377\0004\000.\0001\000.\0002\000\040\000D\000o\000c\000u\000m\000e\000n\000t\000a\000t\000i\000o\000n\000\040\000d\000e\000s\000\040\000c\000o\000n\000s\000t\000r\000u\000c\000t\000e\000u\000r\000s\000\040\000e\000t\000\040\000d\000e\000s\000t\000r\000u\000c\000t\000e\000u\000r}{section.4.1}% 10
\BOOKMARK [3][-]{subsubsection.4.1.2.1}{\376\377\0004\000.\0001\000.\0002\000.\0001\000\040\000A\000f\000f\000i\000c\000h\000a\000g\000e\000\050\000\051}{subsection.4.1.2}% 11
\BOOKMARK [3][-]{subsubsection.4.1.2.2}{\376\377\0004\000.\0001\000.\0002\000.\0002\000\040\000\040\000A\000f\000f\000i\000c\000h\000a\000g\000e\000\050\000\051}{subsection.4.1.2}% 12
\BOOKMARK [2][-]{subsection.4.1.3}{\376\377\0004\000.\0001\000.\0003\000\040\000D\000o\000c\000u\000m\000e\000n\000t\000a\000t\000i\000o\000n\000\040\000d\000e\000s\000\040\000f\000o\000n\000c\000t\000i\000o\000n\000s\000\040\000m\000e\000m\000b\000r\000e\000s}{section.4.1}% 13
\BOOKMARK [3][-]{subsubsection.4.1.3.1}{\376\377\0004\000.\0001\000.\0003\000.\0001\000\040\000d\000r\000a\000w\000\050\000\051}{subsection.4.1.3}% 14
\BOOKMARK [1][-]{section.4.2}{\376\377\0004\000.\0002\000\040\000R\000\351\000f\000\351\000r\000e\000n\000c\000e\000\040\000d\000e\000\040\000l\000a\000\040\000c\000l\000a\000s\000s\000e\000\040\000C\000a\000p\000t\000e\000u\000r}{chapter.4}% 15
\BOOKMARK [2][-]{subsection.4.2.1}{\376\377\0004\000.\0002\000.\0001\000\040\000D\000e\000s\000c\000r\000i\000p\000t\000i\000o\000n\000\040\000d\000\351\000t\000a\000i\000l\000l\000\351\000e}{section.4.2}% 16
\BOOKMARK [2][-]{subsection.4.2.2}{\376\377\0004\000.\0002\000.\0002\000\040\000D\000o\000c\000u\000m\000e\000n\000t\000a\000t\000i\000o\000n\000\040\000d\000e\000s\000\040\000c\000o\000n\000s\000t\000r\000u\000c\000t\000e\000u\000r\000s\000\040\000e\000t\000\040\000d\000e\000s\000t\000r\000u\000c\000t\000e\000u\000r}{section.4.2}% 17
\BOOKMARK [3][-]{subsubsection.4.2.2.1}{\376\377\0004\000.\0002\000.\0002\000.\0001\000\040\000C\000a\000p\000t\000e\000u\000r\000\050\000\051}{subsection.4.2.2}% 18
\BOOKMARK [3][-]{subsubsection.4.2.2.2}{\376\377\0004\000.\0002\000.\0002\000.\0002\000\040\000\040\000C\000a\000p\000t\000e\000u\000r\000\050\000\051}{subsection.4.2.2}% 19
\BOOKMARK [2][-]{subsection.4.2.3}{\376\377\0004\000.\0002\000.\0003\000\040\000D\000o\000c\000u\000m\000e\000n\000t\000a\000t\000i\000o\000n\000\040\000d\000e\000s\000\040\000f\000o\000n\000c\000t\000i\000o\000n\000s\000\040\000m\000e\000m\000b\000r\000e\000s}{section.4.2}% 20
\BOOKMARK [3][-]{subsubsection.4.2.3.1}{\376\377\0004\000.\0002\000.\0003\000.\0001\000\040\000a\000s\000s\000o\000c\000i\000e\000r\000I\000n\000f\000o\000D\000r\000o\000n\000e\000\050\000\051}{subsection.4.2.3}% 21
\BOOKMARK [3][-]{subsubsection.4.2.3.2}{\376\377\0004\000.\0002\000.\0003\000.\0002\000\040\000d\000e\000t\000e\000c\000t\000e\000Q\000Q\000c\000h\000\050\000\051}{subsection.4.2.3}% 22
\BOOKMARK [3][-]{subsubsection.4.2.3.3}{\376\377\0004\000.\0002\000.\0003\000.\0003\000\040\000g\000e\000t\000D\000i\000r\000e\000c\000t\000i\000o\000n\000\050\000\051}{subsection.4.2.3}% 23
\BOOKMARK [3][-]{subsubsection.4.2.3.4}{\376\377\0004\000.\0002\000.\0003\000.\0004\000\040\000g\000e\000t\000D\000i\000s\000t\000a\000n\000c\000e\000D\000e\000t\000e\000c\000t\000e\000e\000\050\000\051}{subsection.4.2.3}% 24
\BOOKMARK [3][-]{subsubsection.4.2.3.5}{\376\377\0004\000.\0002\000.\0003\000.\0005\000\040\000g\000e\000t\000P\000o\000r\000t\000e\000e\000\050\000\051}{subsection.4.2.3}% 25
\BOOKMARK [3][-]{subsubsection.4.2.3.6}{\376\377\0004\000.\0002\000.\0003\000.\0006\000\040\000u\000p\000d\000a\000t\000e\000D\000i\000s\000t\000a\000n\000c\000e\000D\000e\000t\000e\000c\000t\000e\000e\000\050\000\051}{subsection.4.2.3}% 26
\BOOKMARK [1][-]{section.4.3}{\376\377\0004\000.\0003\000\040\000R\000\351\000f\000\351\000r\000e\000n\000c\000e\000\040\000d\000e\000\040\000l\000a\000\040\000c\000l\000a\000s\000s\000e\000\040\000C\000o\000m\000p\000o\000r\000t\000e\000m\000e\000n\000t}{chapter.4}% 27
\BOOKMARK [2][-]{subsection.4.3.1}{\376\377\0004\000.\0003\000.\0001\000\040\000D\000e\000s\000c\000r\000i\000p\000t\000i\000o\000n\000\040\000d\000\351\000t\000a\000i\000l\000l\000\351\000e}{section.4.3}% 28
\BOOKMARK [2][-]{subsection.4.3.2}{\376\377\0004\000.\0003\000.\0002\000\040\000D\000o\000c\000u\000m\000e\000n\000t\000a\000t\000i\000o\000n\000\040\000d\000e\000s\000\040\000c\000o\000n\000s\000t\000r\000u\000c\000t\000e\000u\000r\000s\000\040\000e\000t\000\040\000d\000e\000s\000t\000r\000u\000c\000t\000e\000u\000r}{section.4.3}% 29
\BOOKMARK [3][-]{subsubsection.4.3.2.1}{\376\377\0004\000.\0003\000.\0002\000.\0001\000\040\000C\000o\000m\000p\000o\000r\000t\000e\000m\000e\000n\000t\000\050\000\051}{subsection.4.3.2}% 30
\BOOKMARK [3][-]{subsubsection.4.3.2.2}{\376\377\0004\000.\0003\000.\0002\000.\0002\000\040\000\040\000C\000o\000m\000p\000o\000r\000t\000e\000m\000e\000n\000t\000\050\000\051}{subsection.4.3.2}% 31
\BOOKMARK [2][-]{subsection.4.3.3}{\376\377\0004\000.\0003\000.\0003\000\040\000D\000o\000c\000u\000m\000e\000n\000t\000a\000t\000i\000o\000n\000\040\000d\000e\000s\000\040\000f\000o\000n\000c\000t\000i\000o\000n\000s\000\040\000m\000e\000m\000b\000r\000e\000s}{section.4.3}% 32
\BOOKMARK [3][-]{subsubsection.4.3.3.1}{\376\377\0004\000.\0003\000.\0003\000.\0001\000\040\000a\000l\000l\000e\000r\000P\000o\000i\000n\000t\000\050\000\051}{subsection.4.3.3}% 33
\BOOKMARK [1][-]{section.4.4}{\376\377\0004\000.\0004\000\040\000R\000\351\000f\000\351\000r\000e\000n\000c\000e\000\040\000d\000e\000\040\000l\000a\000\040\000c\000l\000a\000s\000s\000e\000\040\000C\000u\000b\000i\000q\000u\000e}{chapter.4}% 34
\BOOKMARK [2][-]{subsection.4.4.1}{\376\377\0004\000.\0004\000.\0001\000\040\000D\000e\000s\000c\000r\000i\000p\000t\000i\000o\000n\000\040\000d\000\351\000t\000a\000i\000l\000l\000\351\000e}{section.4.4}% 35
\BOOKMARK [2][-]{subsection.4.4.2}{\376\377\0004\000.\0004\000.\0002\000\040\000D\000o\000c\000u\000m\000e\000n\000t\000a\000t\000i\000o\000n\000\040\000d\000e\000s\000\040\000c\000o\000n\000s\000t\000r\000u\000c\000t\000e\000u\000r\000s\000\040\000e\000t\000\040\000d\000e\000s\000t\000r\000u\000c\000t\000e\000u\000r}{section.4.4}% 36
\BOOKMARK [3][-]{subsubsection.4.4.2.1}{\376\377\0004\000.\0004\000.\0002\000.\0001\000\040\000C\000u\000b\000i\000q\000u\000e\000\050\000\051}{subsection.4.4.2}% 37
\BOOKMARK [3][-]{subsubsection.4.4.2.2}{\376\377\0004\000.\0004\000.\0002\000.\0002\000\040\000\040\000C\000u\000b\000i\000q\000u\000e\000\050\000\051}{subsection.4.4.2}% 38
\BOOKMARK [2][-]{subsection.4.4.3}{\376\377\0004\000.\0004\000.\0003\000\040\000D\000o\000c\000u\000m\000e\000n\000t\000a\000t\000i\000o\000n\000\040\000d\000e\000s\000\040\000f\000o\000n\000c\000t\000i\000o\000n\000s\000\040\000m\000e\000m\000b\000r\000e\000s}{section.4.4}% 39
\BOOKMARK [3][-]{subsubsection.4.4.3.1}{\376\377\0004\000.\0004\000.\0003\000.\0001\000\040\000g\000e\000n\000e\000r\000e\000r\000M\000a\000i\000l\000l\000a\000g\000e\000\050\000\051}{subsection.4.4.3}% 40
\BOOKMARK [2][-]{subsection.4.4.4}{\376\377\0004\000.\0004\000.\0004\000\040\000D\000o\000c\000u\000m\000e\000n\000t\000a\000t\000i\000o\000n\000\040\000d\000e\000s\000\040\000d\000o\000n\000n\000\351\000e\000s\000\040\000m\000e\000m\000b\000r\000e\000s}{section.4.4}% 41
\BOOKMARK [3][-]{subsubsection.4.4.4.1}{\376\377\0004\000.\0004\000.\0004\000.\0001\000\040\000l\000o\000n\000g\000u\000e\000u\000r\000C\000o\000t\000e}{subsection.4.4.4}% 42
\BOOKMARK [3][-]{subsubsection.4.4.4.2}{\376\377\0004\000.\0004\000.\0004\000.\0002\000\040\000o\000r\000i\000g\000i\000n\000e}{subsection.4.4.4}% 43
\BOOKMARK [1][-]{section.4.5}{\376\377\0004\000.\0005\000\040\000R\000\351\000f\000\351\000r\000e\000n\000c\000e\000\040\000d\000e\000\040\000l\000a\000\040\000c\000l\000a\000s\000s\000e\000\040\000D\000l\000i\000t\000e}{chapter.4}% 44
\BOOKMARK [2][-]{subsection.4.5.1}{\376\377\0004\000.\0005\000.\0001\000\040\000D\000e\000s\000c\000r\000i\000p\000t\000i\000o\000n\000\040\000d\000\351\000t\000a\000i\000l\000l\000\351\000e}{section.4.5}% 45
\BOOKMARK [2][-]{subsection.4.5.2}{\376\377\0004\000.\0005\000.\0002\000\040\000D\000o\000c\000u\000m\000e\000n\000t\000a\000t\000i\000o\000n\000\040\000d\000e\000s\000\040\000c\000o\000n\000s\000t\000r\000u\000c\000t\000e\000u\000r\000s\000\040\000e\000t\000\040\000d\000e\000s\000t\000r\000u\000c\000t\000e\000u\000r}{section.4.5}% 46
\BOOKMARK [3][-]{subsubsection.4.5.2.1}{\376\377\0004\000.\0005\000.\0002\000.\0001\000\040\000D\000l\000i\000t\000e\000\050\000\051}{subsection.4.5.2}% 47
\BOOKMARK [3][-]{subsubsection.4.5.2.2}{\376\377\0004\000.\0005\000.\0002\000.\0002\000\040\000\040\000D\000l\000i\000t\000e\000\050\000\051}{subsection.4.5.2}% 48
\BOOKMARK [2][-]{subsection.4.5.3}{\376\377\0004\000.\0005\000.\0003\000\040\000D\000o\000c\000u\000m\000e\000n\000t\000a\000t\000i\000o\000n\000\040\000d\000e\000s\000\040\000f\000o\000n\000c\000t\000i\000o\000n\000s\000\040\000m\000e\000m\000b\000r\000e\000s}{section.4.5}% 49
\BOOKMARK [3][-]{subsubsection.4.5.3.1}{\376\377\0004\000.\0005\000.\0003\000.\0001\000\040\000a\000l\000l\000e\000r\000P\000o\000i\000n\000t\000\050\000\051}{subsection.4.5.3}% 50
\BOOKMARK [1][-]{section.4.6}{\376\377\0004\000.\0006\000\040\000R\000\351\000f\000\351\000r\000e\000n\000c\000e\000\040\000d\000e\000\040\000l\000a\000\040\000c\000l\000a\000s\000s\000e\000\040\000D\000r\000o\000n\000e}{chapter.4}% 51
\BOOKMARK [2][-]{subsection.4.6.1}{\376\377\0004\000.\0006\000.\0001\000\040\000D\000e\000s\000c\000r\000i\000p\000t\000i\000o\000n\000\040\000d\000\351\000t\000a\000i\000l\000l\000\351\000e}{section.4.6}% 52
\BOOKMARK [2][-]{subsection.4.6.2}{\376\377\0004\000.\0006\000.\0002\000\040\000D\000o\000c\000u\000m\000e\000n\000t\000a\000t\000i\000o\000n\000\040\000d\000e\000s\000\040\000c\000o\000n\000s\000t\000r\000u\000c\000t\000e\000u\000r\000s\000\040\000e\000t\000\040\000d\000e\000s\000t\000r\000u\000c\000t\000e\000u\000r}{section.4.6}% 53
\BOOKMARK [3][-]{subsubsection.4.6.2.1}{\376\377\0004\000.\0006\000.\0002\000.\0001\000\040\000D\000r\000o\000n\000e\000\050\000\051\000\040\000[\0001\000/\0003\000]}{subsection.4.6.2}% 54
\BOOKMARK [3][-]{subsubsection.4.6.2.2}{\376\377\0004\000.\0006\000.\0002\000.\0002\000\040\000D\000r\000o\000n\000e\000\050\000\051\000\040\000[\0002\000/\0003\000]}{subsection.4.6.2}% 55
\BOOKMARK [3][-]{subsubsection.4.6.2.3}{\376\377\0004\000.\0006\000.\0002\000.\0003\000\040\000D\000r\000o\000n\000e\000\050\000\051\000\040\000[\0003\000/\0003\000]}{subsection.4.6.2}% 56
\BOOKMARK [3][-]{subsubsection.4.6.2.4}{\376\377\0004\000.\0006\000.\0002\000.\0004\000\040\000\040\000D\000r\000o\000n\000e\000\050\000\051}{subsection.4.6.2}% 57
\BOOKMARK [2][-]{subsection.4.6.3}{\376\377\0004\000.\0006\000.\0003\000\040\000D\000o\000c\000u\000m\000e\000n\000t\000a\000t\000i\000o\000n\000\040\000d\000e\000s\000\040\000f\000o\000n\000c\000t\000i\000o\000n\000s\000\040\000m\000e\000m\000b\000r\000e\000s}{section.4.6}% 58
\BOOKMARK [3][-]{subsubsection.4.6.3.1}{\376\377\0004\000.\0006\000.\0003\000.\0001\000\040\000a\000j\000o\000u\000t\000e\000r\000O\000b\000j\000e\000c\000t\000i\000f\000\050\000\051}{subsection.4.6.3}% 59
\BOOKMARK [3][-]{subsubsection.4.6.3.2}{\376\377\0004\000.\0006\000.\0003\000.\0002\000\040\000a\000O\000b\000j\000e\000c\000t\000i\000f\000\050\000\051}{subsection.4.6.3}% 60
\BOOKMARK [3][-]{subsubsection.4.6.3.3}{\376\377\0004\000.\0006\000.\0003\000.\0003\000\040\000a\000t\000t\000e\000i\000n\000t\000O\000b\000j\000e\000c\000t\000i\000f\000\050\000\051}{subsection.4.6.3}% 61
\BOOKMARK [3][-]{subsubsection.4.6.3.4}{\376\377\0004\000.\0006\000.\0003\000.\0004\000\040\000e\000s\000t\000F\000o\000n\000c\000t\000i\000o\000n\000n\000e\000l\000\050\000\051}{subsection.4.6.3}% 62
\BOOKMARK [3][-]{subsubsection.4.6.3.5}{\376\377\0004\000.\0006\000.\0003\000.\0005\000\040\000g\000e\000t\000A\000c\000c\000e\000l\000e\000r\000a\000t\000i\000o\000n\000\050\000\051}{subsection.4.6.3}% 63
\BOOKMARK [3][-]{subsubsection.4.6.3.6}{\376\377\0004\000.\0006\000.\0003\000.\0006\000\040\000g\000e\000t\000P\000o\000s\000i\000t\000i\000o\000n\000\050\000\051}{subsection.4.6.3}% 64
\BOOKMARK [3][-]{subsubsection.4.6.3.7}{\376\377\0004\000.\0006\000.\0003\000.\0007\000\040\000g\000e\000t\000P\000r\000e\000m\000i\000e\000r\000O\000b\000j\000e\000c\000t\000i\000f\000\050\000\051}{subsection.4.6.3}% 65
\BOOKMARK [3][-]{subsubsection.4.6.3.8}{\376\377\0004\000.\0006\000.\0003\000.\0008\000\040\000g\000e\000t\000R\000a\000y\000o\000n\000\050\000\051}{subsection.4.6.3}% 66
\BOOKMARK [3][-]{subsubsection.4.6.3.9}{\376\377\0004\000.\0006\000.\0003\000.\0009\000\040\000g\000e\000t\000V\000C\000a\000p\000t\000e\000u\000r\000s\000\050\000\051}{subsection.4.6.3}% 67
\BOOKMARK [3][-]{subsubsection.4.6.3.10}{\376\377\0004\000.\0006\000.\0003\000.\0001\0000\000\040\000g\000e\000t\000V\000i\000t\000e\000s\000s\000e\000\050\000\051}{subsection.4.6.3}% 68
\BOOKMARK [3][-]{subsubsection.4.6.3.11}{\376\377\0004\000.\0006\000.\0003\000.\0001\0001\000\040\000g\000e\000t\000V\000O\000b\000j\000e\000c\000t\000i\000f\000s\000\050\000\051}{subsection.4.6.3}% 69
\BOOKMARK [3][-]{subsubsection.4.6.3.12}{\376\377\0004\000.\0006\000.\0003\000.\0001\0002\000\040\000l\000i\000v\000r\000e\000r\000C\000o\000l\000i\000s\000\050\000\051}{subsection.4.6.3}% 70
\BOOKMARK [3][-]{subsubsection.4.6.3.13}{\376\377\0004\000.\0006\000.\0003\000.\0001\0003\000\040\000n\000e\000F\000o\000n\000c\000t\000i\000o\000n\000n\000e\000P\000l\000u\000s\000\050\000\051}{subsection.4.6.3}% 71
\BOOKMARK [3][-]{subsubsection.4.6.3.14}{\376\377\0004\000.\0006\000.\0003\000.\0001\0004\000\040\000p\000o\000r\000t\000e\000U\000n\000C\000o\000l\000i\000s\000\050\000\051}{subsection.4.6.3}% 72
\BOOKMARK [3][-]{subsubsection.4.6.3.15}{\376\377\0004\000.\0006\000.\0003\000.\0001\0005\000\040\000s\000e\000t\000A\000c\000c\000e\000l\000e\000r\000a\000t\000i\000o\000n\000\050\000\051}{subsection.4.6.3}% 73
\BOOKMARK [3][-]{subsubsection.4.6.3.16}{\376\377\0004\000.\0006\000.\0003\000.\0001\0006\000\040\000s\000e\000t\000P\000o\000s\000i\000t\000i\000o\000n\000\050\000\051}{subsection.4.6.3}% 74
\BOOKMARK [3][-]{subsubsection.4.6.3.17}{\376\377\0004\000.\0006\000.\0003\000.\0001\0007\000\040\000s\000e\000t\000V\000i\000t\000e\000s\000s\000e\000\050\000\051}{subsection.4.6.3}% 75
\BOOKMARK [1][-]{section.4.7}{\376\377\0004\000.\0007\000\040\000R\000\351\000f\000\351\000r\000e\000n\000c\000e\000\040\000d\000e\000\040\000l\000a\000\040\000c\000l\000a\000s\000s\000e\000\040\000E\000n\000v\000i\000r\000o\000n\000n\000e\000m\000e\000n\000t}{chapter.4}% 76
\BOOKMARK [2][-]{subsection.4.7.1}{\376\377\0004\000.\0007\000.\0001\000\040\000D\000e\000s\000c\000r\000i\000p\000t\000i\000o\000n\000\040\000d\000\351\000t\000a\000i\000l\000l\000\351\000e}{section.4.7}% 77
\BOOKMARK [2][-]{subsection.4.7.2}{\376\377\0004\000.\0007\000.\0002\000\040\000D\000o\000c\000u\000m\000e\000n\000t\000a\000t\000i\000o\000n\000\040\000d\000e\000s\000\040\000c\000o\000n\000s\000t\000r\000u\000c\000t\000e\000u\000r\000s\000\040\000e\000t\000\040\000d\000e\000s\000t\000r\000u\000c\000t\000e\000u\000r}{section.4.7}% 78
\BOOKMARK [3][-]{subsubsection.4.7.2.1}{\376\377\0004\000.\0007\000.\0002\000.\0001\000\040\000E\000n\000v\000i\000r\000o\000n\000n\000e\000m\000e\000n\000t\000\050\000\051\000\040\000[\0001\000/\0002\000]}{subsection.4.7.2}% 79
\BOOKMARK [3][-]{subsubsection.4.7.2.2}{\376\377\0004\000.\0007\000.\0002\000.\0002\000\040\000E\000n\000v\000i\000r\000o\000n\000n\000e\000m\000e\000n\000t\000\050\000\051\000\040\000[\0002\000/\0002\000]}{subsection.4.7.2}% 80
\BOOKMARK [2][-]{subsection.4.7.3}{\376\377\0004\000.\0007\000.\0003\000\040\000D\000o\000c\000u\000m\000e\000n\000t\000a\000t\000i\000o\000n\000\040\000d\000e\000s\000\040\000f\000o\000n\000c\000t\000i\000o\000n\000s\000\040\000m\000e\000m\000b\000r\000e\000s}{section.4.7}% 81
\BOOKMARK [3][-]{subsubsection.4.7.3.1}{\376\377\0004\000.\0007\000.\0003\000.\0001\000\040\000a\000j\000o\000u\000t\000e\000r\000C\000o\000l\000i\000s\000\050\000\051}{subsection.4.7.3}% 82
\BOOKMARK [3][-]{subsubsection.4.7.3.2}{\376\377\0004\000.\0007\000.\0003\000.\0002\000\040\000a\000j\000o\000u\000t\000e\000r\000O\000b\000s\000t\000a\000c\000l\000e\000\050\000\051}{subsection.4.7.3}% 83
\BOOKMARK [3][-]{subsubsection.4.7.3.3}{\376\377\0004\000.\0007\000.\0003\000.\0003\000\040\000a\000s\000s\000o\000c\000i\000e\000r\000E\000s\000s\000a\000i\000m\000\050\000\051}{subsection.4.7.3}% 84
\BOOKMARK [3][-]{subsubsection.4.7.3.4}{\376\377\0004\000.\0007\000.\0003\000.\0004\000\040\000g\000e\000t\000E\000s\000s\000a\000i\000m\000D\000r\000o\000n\000e\000s\000\050\000\051}{subsection.4.7.3}% 85
\BOOKMARK [3][-]{subsubsection.4.7.3.5}{\376\377\0004\000.\0007\000.\0003\000.\0005\000\040\000o\000p\000e\000r\000a\000t\000o\000r\000+\000+\000\050\000\051}{subsection.4.7.3}% 86
\BOOKMARK [1][-]{section.4.8}{\376\377\0004\000.\0008\000\040\000R\000\351\000f\000\351\000r\000e\000n\000c\000e\000\040\000d\000e\000\040\000l\000a\000\040\000c\000l\000a\000s\000s\000e\000\040\000E\000s\000s\000a\000i\000m}{chapter.4}% 87
\BOOKMARK [2][-]{subsection.4.8.1}{\376\377\0004\000.\0008\000.\0001\000\040\000D\000e\000s\000c\000r\000i\000p\000t\000i\000o\000n\000\040\000d\000\351\000t\000a\000i\000l\000l\000\351\000e}{section.4.8}% 88
\BOOKMARK [2][-]{subsection.4.8.2}{\376\377\0004\000.\0008\000.\0002\000\040\000D\000o\000c\000u\000m\000e\000n\000t\000a\000t\000i\000o\000n\000\040\000d\000e\000s\000\040\000c\000o\000n\000s\000t\000r\000u\000c\000t\000e\000u\000r\000s\000\040\000e\000t\000\040\000d\000e\000s\000t\000r\000u\000c\000t\000e\000u\000r}{section.4.8}% 89
\BOOKMARK [3][-]{subsubsection.4.8.2.1}{\376\377\0004\000.\0008\000.\0002\000.\0001\000\040\000E\000s\000s\000a\000i\000m\000\050\000\051\000\040\000[\0001\000/\0002\000]}{subsection.4.8.2}% 90
\BOOKMARK [3][-]{subsubsection.4.8.2.2}{\376\377\0004\000.\0008\000.\0002\000.\0002\000\040\000E\000s\000s\000a\000i\000m\000\050\000\051\000\040\000[\0002\000/\0002\000]}{subsection.4.8.2}% 91
\BOOKMARK [2][-]{subsection.4.8.3}{\376\377\0004\000.\0008\000.\0003\000\040\000D\000o\000c\000u\000m\000e\000n\000t\000a\000t\000i\000o\000n\000\040\000d\000e\000s\000\040\000f\000o\000n\000c\000t\000i\000o\000n\000s\000\040\000m\000e\000m\000b\000r\000e\000s}{section.4.8}% 92
\BOOKMARK [3][-]{subsubsection.4.8.3.1}{\376\377\0004\000.\0008\000.\0003\000.\0001\000\040\000a\000j\000o\000u\000t\000e\000r\000D\000r\000o\000n\000e\000\050\000\051}{subsection.4.8.3}% 93
\BOOKMARK [3][-]{subsubsection.4.8.3.2}{\376\377\0004\000.\0008\000.\0003\000.\0002\000\040\000f\000o\000r\000m\000a\000t\000i\000o\000n\000\050\000\051}{subsection.4.8.3}% 94
\BOOKMARK [3][-]{subsubsection.4.8.3.3}{\376\377\0004\000.\0008\000.\0003\000.\0003\000\040\000g\000e\000t\000V\000D\000r\000o\000n\000e\000s\000\050\000\051}{subsection.4.8.3}% 95
\BOOKMARK [3][-]{subsubsection.4.8.3.4}{\376\377\0004\000.\0008\000.\0003\000.\0004\000\040\000r\000e\000t\000i\000r\000e\000r\000C\000o\000l\000i\000s\000\050\000\051}{subsection.4.8.3}% 96
\BOOKMARK [1][-]{section.4.9}{\376\377\0004\000.\0009\000\040\000R\000\351\000f\000\351\000r\000e\000n\000c\000e\000\040\000d\000e\000\040\000l\000a\000\040\000c\000l\000a\000s\000s\000e\000\040\000F\000o\000r\000m\000a\000t\000i\000o\000n}{chapter.4}% 97
\BOOKMARK [2][-]{subsection.4.9.1}{\376\377\0004\000.\0009\000.\0001\000\040\000D\000e\000s\000c\000r\000i\000p\000t\000i\000o\000n\000\040\000d\000\351\000t\000a\000i\000l\000l\000\351\000e}{section.4.9}% 98
\BOOKMARK [2][-]{subsection.4.9.2}{\376\377\0004\000.\0009\000.\0002\000\040\000D\000o\000c\000u\000m\000e\000n\000t\000a\000t\000i\000o\000n\000\040\000d\000e\000s\000\040\000c\000o\000n\000s\000t\000r\000u\000c\000t\000e\000u\000r\000s\000\040\000e\000t\000\040\000d\000e\000s\000t\000r\000u\000c\000t\000e\000u\000r}{section.4.9}% 99
\BOOKMARK [3][-]{subsubsection.4.9.2.1}{\376\377\0004\000.\0009\000.\0002\000.\0001\000\040\000F\000o\000r\000m\000a\000t\000i\000o\000n\000\050\000\051}{subsection.4.9.2}% 100
\BOOKMARK [3][-]{subsubsection.4.9.2.2}{\376\377\0004\000.\0009\000.\0002\000.\0002\000\040\000\040\000F\000o\000r\000m\000a\000t\000i\000o\000n\000\050\000\051}{subsection.4.9.2}% 101
\BOOKMARK [2][-]{subsection.4.9.3}{\376\377\0004\000.\0009\000.\0003\000\040\000D\000o\000c\000u\000m\000e\000n\000t\000a\000t\000i\000o\000n\000\040\000d\000e\000s\000\040\000f\000o\000n\000c\000t\000i\000o\000n\000s\000\040\000m\000e\000m\000b\000r\000e\000s}{section.4.9}% 102
\BOOKMARK [3][-]{subsubsection.4.9.3.1}{\376\377\0004\000.\0009\000.\0003\000.\0001\000\040\000g\000e\000n\000e\000r\000e\000r\000M\000a\000i\000l\000l\000a\000g\000e\000\050\000\051}{subsection.4.9.3}% 103
\BOOKMARK [2][-]{subsection.4.9.4}{\376\377\0004\000.\0009\000.\0004\000\040\000D\000o\000c\000u\000m\000e\000n\000t\000a\000t\000i\000o\000n\000\040\000d\000e\000s\000\040\000d\000o\000n\000n\000\351\000e\000s\000\040\000m\000e\000m\000b\000r\000e\000s}{section.4.9}% 104
\BOOKMARK [3][-]{subsubsection.4.9.4.1}{\376\377\0004\000.\0009\000.\0004\000.\0001\000\040\000a\000l\000t\000i\000t\000u\000d\000e}{subsection.4.9.4}% 105
\BOOKMARK [3][-]{subsubsection.4.9.4.2}{\376\377\0004\000.\0009\000.\0004\000.\0002\000\040\000n\000b\000D\000r\000o\000n\000e\000s}{subsection.4.9.4}% 106
\BOOKMARK [1][-]{section.4.10}{\376\377\0004\000.\0001\0000\000\040\000R\000\351\000f\000\351\000r\000e\000n\000c\000e\000\040\000d\000e\000\040\000l\000a\000\040\000c\000l\000a\000s\000s\000e\000\040\000N\000a\000i\000f}{chapter.4}% 107
\BOOKMARK [2][-]{subsection.4.10.1}{\376\377\0004\000.\0001\0000\000.\0001\000\040\000D\000e\000s\000c\000r\000i\000p\000t\000i\000o\000n\000\040\000d\000\351\000t\000a\000i\000l\000l\000\351\000e}{section.4.10}% 108
\BOOKMARK [2][-]{subsection.4.10.2}{\376\377\0004\000.\0001\0000\000.\0002\000\040\000D\000o\000c\000u\000m\000e\000n\000t\000a\000t\000i\000o\000n\000\040\000d\000e\000s\000\040\000c\000o\000n\000s\000t\000r\000u\000c\000t\000e\000u\000r\000s\000\040\000e\000t\000\040\000d\000e\000s\000t\000r\000u\000c\000t\000e\000u\000r}{section.4.10}% 109
\BOOKMARK [3][-]{subsubsection.4.10.2.1}{\376\377\0004\000.\0001\0000\000.\0002\000.\0001\000\040\000N\000a\000i\000f\000\050\000\051}{subsection.4.10.2}% 110
\BOOKMARK [2][-]{subsection.4.10.3}{\376\377\0004\000.\0001\0000\000.\0003\000\040\000D\000o\000c\000u\000m\000e\000n\000t\000a\000t\000i\000o\000n\000\040\000d\000e\000s\000\040\000f\000o\000n\000c\000t\000i\000o\000n\000s\000\040\000m\000e\000m\000b\000r\000e\000s}{section.4.10}% 111
\BOOKMARK [3][-]{subsubsection.4.10.3.1}{\376\377\0004\000.\0001\0000\000.\0003\000.\0001\000\040\000a\000l\000l\000e\000r\000P\000o\000i\000n\000t\000\050\000\051}{subsection.4.10.3}% 112
\BOOKMARK [2][-]{subsection.4.10.4}{\376\377\0004\000.\0001\0000\000.\0004\000\040\000D\000o\000c\000u\000m\000e\000n\000t\000a\000t\000i\000o\000n\000\040\000d\000e\000s\000\040\000d\000o\000n\000n\000\351\000e\000s\000\040\000m\000e\000m\000b\000r\000e\000s}{section.4.10}% 113
\BOOKMARK [3][-]{subsubsection.4.10.4.1}{\376\377\0004\000.\0001\0000\000.\0004\000.\0001\000\040\000d\000e\000p\000a\000r\000t}{subsection.4.10.4}% 114
\BOOKMARK [3][-]{subsubsection.4.10.4.2}{\376\377\0004\000.\0001\0000\000.\0004\000.\0002\000\040\000d\000e\000s\000t}{subsection.4.10.4}% 115
\BOOKMARK [3][-]{subsubsection.4.10.4.3}{\376\377\0004\000.\0001\0000\000.\0004\000.\0003\000\040\000v\0000}{subsection.4.10.4}% 116
\BOOKMARK [1][-]{section.4.11}{\376\377\0004\000.\0001\0001\000\040\000R\000\351\000f\000\351\000r\000e\000n\000c\000e\000\040\000d\000e\000\040\000l\000a\000\040\000c\000l\000a\000s\000s\000e\000\040\000O\000b\000s\000t\000a\000c\000l\000e}{chapter.4}% 117
\BOOKMARK [2][-]{subsection.4.11.1}{\376\377\0004\000.\0001\0001\000.\0001\000\040\000D\000o\000c\000u\000m\000e\000n\000t\000a\000t\000i\000o\000n\000\040\000d\000e\000s\000\040\000c\000o\000n\000s\000t\000r\000u\000c\000t\000e\000u\000r\000s\000\040\000e\000t\000\040\000d\000e\000s\000t\000r\000u\000c\000t\000e\000u\000r}{section.4.11}% 118
\BOOKMARK [3][-]{subsubsection.4.11.1.1}{\376\377\0004\000.\0001\0001\000.\0001\000.\0001\000\040\000O\000b\000s\000t\000a\000c\000l\000e\000\050\000\051}{subsection.4.11.1}% 119
\BOOKMARK [2][-]{subsection.4.11.2}{\376\377\0004\000.\0001\0001\000.\0002\000\040\000D\000o\000c\000u\000m\000e\000n\000t\000a\000t\000i\000o\000n\000\040\000d\000e\000s\000\040\000f\000o\000n\000c\000t\000i\000o\000n\000s\000\040\000m\000e\000m\000b\000r\000e\000s}{section.4.11}% 120
\BOOKMARK [3][-]{subsubsection.4.11.2.1}{\376\377\0004\000.\0001\0001\000.\0002\000.\0001\000\040\000g\000e\000t\000C\000e\000n\000t\000r\000e\000\050\000\051}{subsection.4.11.2}% 121
\BOOKMARK [3][-]{subsubsection.4.11.2.2}{\376\377\0004\000.\0001\0001\000.\0002\000.\0002\000\040\000g\000e\000t\000F\000a\000c\000e\000X\000M\000a\000x\000\050\000\051}{subsection.4.11.2}% 122
\BOOKMARK [3][-]{subsubsection.4.11.2.3}{\376\377\0004\000.\0001\0001\000.\0002\000.\0003\000\040\000g\000e\000t\000F\000a\000c\000e\000X\000M\000i\000n\000\050\000\051}{subsection.4.11.2}% 123
\BOOKMARK [3][-]{subsubsection.4.11.2.4}{\376\377\0004\000.\0001\0001\000.\0002\000.\0004\000\040\000g\000e\000t\000F\000a\000c\000e\000Y\000M\000a\000x\000\050\000\051}{subsection.4.11.2}% 124
\BOOKMARK [3][-]{subsubsection.4.11.2.5}{\376\377\0004\000.\0001\0001\000.\0002\000.\0005\000\040\000g\000e\000t\000F\000a\000c\000e\000Y\000M\000i\000n\000\050\000\051}{subsection.4.11.2}% 125
\BOOKMARK [3][-]{subsubsection.4.11.2.6}{\376\377\0004\000.\0001\0001\000.\0002\000.\0006\000\040\000g\000e\000t\000F\000a\000c\000e\000Z\000M\000a\000x\000\050\000\051}{subsection.4.11.2}% 126
\BOOKMARK [3][-]{subsubsection.4.11.2.7}{\376\377\0004\000.\0001\0001\000.\0002\000.\0007\000\040\000g\000e\000t\000F\000a\000c\000e\000Z\000M\000i\000n\000\050\000\051}{subsection.4.11.2}% 127
\BOOKMARK [3][-]{subsubsection.4.11.2.8}{\376\377\0004\000.\0001\0001\000.\0002\000.\0008\000\040\000g\000e\000t\000I\000n\000i\000t\000\050\000\051}{subsection.4.11.2}% 128
\BOOKMARK [3][-]{subsubsection.4.11.2.9}{\376\377\0004\000.\0001\0001\000.\0002\000.\0009\000\040\000g\000e\000t\000T\000a\000i\000l\000l\000e\000X\000\050\000\051}{subsection.4.11.2}% 129
\BOOKMARK [3][-]{subsubsection.4.11.2.10}{\376\377\0004\000.\0001\0001\000.\0002\000.\0001\0000\000\040\000g\000e\000t\000T\000a\000i\000l\000l\000e\000Y\000\050\000\051}{subsection.4.11.2}% 130
\BOOKMARK [3][-]{subsubsection.4.11.2.11}{\376\377\0004\000.\0001\0001\000.\0002\000.\0001\0001\000\040\000g\000e\000t\000T\000a\000i\000l\000l\000e\000Z\000\050\000\051}{subsection.4.11.2}% 131
\BOOKMARK [3][-]{subsubsection.4.11.2.12}{\376\377\0004\000.\0001\0001\000.\0002\000.\0001\0002\000\040\000g\000e\000t\000V\000S\000o\000m\000m\000e\000t\000s\000\050\000\051}{subsection.4.11.2}% 132
\BOOKMARK [1][-]{section.4.12}{\376\377\0004\000.\0001\0002\000\040\000R\000\351\000f\000\351\000r\000e\000n\000c\000e\000\040\000d\000e\000\040\000l\000a\000\040\000c\000l\000a\000s\000s\000e\000\040\000P\000y\000r\000a\000m\000i\000d\000a\000l\000e}{chapter.4}% 133
\BOOKMARK [2][-]{subsection.4.12.1}{\376\377\0004\000.\0001\0002\000.\0001\000\040\000D\000e\000s\000c\000r\000i\000p\000t\000i\000o\000n\000\040\000d\000\351\000t\000a\000i\000l\000l\000\351\000e}{section.4.12}% 134
\BOOKMARK [2][-]{subsection.4.12.2}{\376\377\0004\000.\0001\0002\000.\0002\000\040\000D\000o\000c\000u\000m\000e\000n\000t\000a\000t\000i\000o\000n\000\040\000d\000e\000s\000\040\000d\000o\000n\000n\000\351\000e\000s\000\040\000m\000e\000m\000b\000r\000e\000s}{section.4.12}% 135
\BOOKMARK [3][-]{subsubsection.4.12.2.1}{\376\377\0004\000.\0001\0002\000.\0002\000.\0001\000\040\000s\000o\000m\000m\000e\000t}{subsection.4.12.2}% 136
\BOOKMARK [3][-]{subsubsection.4.12.2.2}{\376\377\0004\000.\0001\0002\000.\0002\000.\0002\000\040\000v\000P\000o\000i\000n\000t\000s\000B\000a\000s\000e}{subsection.4.12.2}% 137
\BOOKMARK [1][-]{section.4.13}{\376\377\0004\000.\0001\0003\000\040\000R\000\351\000f\000\351\000r\000e\000n\000c\000e\000\040\000d\000e\000\040\000l\000a\000\040\000c\000l\000a\000s\000s\000e\000\040\000t\000e\000s\000t\000s\000C\000a\000p\000t\000e\000u\000r}{chapter.4}% 138
\BOOKMARK [2][-]{subsection.4.13.1}{\376\377\0004\000.\0001\0003\000.\0001\000\040\000D\000o\000c\000u\000m\000e\000n\000t\000a\000t\000i\000o\000n\000\040\000d\000e\000s\000\040\000f\000o\000n\000c\000t\000i\000o\000n\000s\000\040\000m\000e\000m\000b\000r\000e\000s}{section.4.13}% 139
\BOOKMARK [3][-]{subsubsection.4.13.1.1}{\376\377\0004\000.\0001\0003\000.\0001\000.\0001\000\040\000t\000e\000s\000t\000U\000p\000d\000a\000t\000e\000D\000i\000s\000t\000a\000n\000c\000e\000D\000e\000t\000e\000c\000t\000e\000e\000\050\000\051}{subsection.4.13.1}% 140
\BOOKMARK [1][-]{section.4.14}{\376\377\0004\000.\0001\0004\000\040\000R\000\351\000f\000\351\000r\000e\000n\000c\000e\000\040\000d\000e\000\040\000l\000a\000\040\000c\000l\000a\000s\000s\000e\000\040\000t\000e\000s\000t\000s\000D\000r\000o\000n\000e}{chapter.4}% 141
\BOOKMARK [2][-]{subsection.4.14.1}{\376\377\0004\000.\0001\0004\000.\0001\000\040\000D\000o\000c\000u\000m\000e\000n\000t\000a\000t\000i\000o\000n\000\040\000d\000e\000s\000\040\000f\000o\000n\000c\000t\000i\000o\000n\000s\000\040\000m\000e\000m\000b\000r\000e\000s}{section.4.14}% 142
\BOOKMARK [3][-]{subsubsection.4.14.1.1}{\376\377\0004\000.\0001\0004\000.\0001\000.\0001\000\040\000t\000e\000s\000t\000A\000j\000o\000u\000t\000e\000r\000O\000b\000j\000e\000c\000t\000i\000f\000\050\000\051}{subsection.4.14.1}% 143
\BOOKMARK [3][-]{subsubsection.4.14.1.2}{\376\377\0004\000.\0001\0004\000.\0001\000.\0002\000\040\000t\000e\000s\000t\000A\000t\000t\000e\000i\000n\000t\000O\000b\000j\000e\000c\000t\000i\000f\000\050\000\051}{subsection.4.14.1}% 144
\BOOKMARK [3][-]{subsubsection.4.14.1.3}{\376\377\0004\000.\0001\0004\000.\0001\000.\0003\000\040\000t\000e\000s\000t\000L\000i\000v\000r\000e\000r\000C\000o\000l\000i\000s\000\050\000\051}{subsection.4.14.1}% 145
\BOOKMARK [3][-]{subsubsection.4.14.1.4}{\376\377\0004\000.\0001\0004\000.\0001\000.\0004\000\040\000t\000e\000s\000t\000p\000l\000u\000s\000p\000l\000u\000s\000\050\000\051}{subsection.4.14.1}% 146
\BOOKMARK [1][-]{section.4.15}{\376\377\0004\000.\0001\0005\000\040\000R\000\351\000f\000\351\000r\000e\000n\000c\000e\000\040\000d\000e\000\040\000l\000a\000\040\000c\000l\000a\000s\000s\000e\000\040\000t\000e\000s\000t\000s\000E\000n\000v\000i\000r\000o\000n\000n\000e\000m\000e\000n\000t}{chapter.4}% 147
\BOOKMARK [1][-]{section.4.16}{\376\377\0004\000.\0001\0006\000\040\000R\000\351\000f\000\351\000r\000e\000n\000c\000e\000\040\000d\000e\000\040\000l\000a\000\040\000c\000l\000a\000s\000s\000e\000\040\000t\000e\000s\000t\000s\000E\000s\000s\000a\000i\000m}{chapter.4}% 148
\BOOKMARK [2][-]{subsection.4.16.1}{\376\377\0004\000.\0001\0006\000.\0001\000\040\000D\000e\000s\000c\000r\000i\000p\000t\000i\000o\000n\000\040\000d\000\351\000t\000a\000i\000l\000l\000\351\000e}{section.4.16}% 149
\BOOKMARK [2][-]{subsection.4.16.2}{\376\377\0004\000.\0001\0006\000.\0002\000\040\000D\000o\000c\000u\000m\000e\000n\000t\000a\000t\000i\000o\000n\000\040\000d\000e\000s\000\040\000f\000o\000n\000c\000t\000i\000o\000n\000s\000\040\000m\000e\000m\000b\000r\000e\000s}{section.4.16}% 150
\BOOKMARK [3][-]{subsubsection.4.16.2.1}{\376\377\0004\000.\0001\0006\000.\0002\000.\0001\000\040\000t\000e\000s\000t\000A\000f\000f\000e\000c\000t\000a\000t\000i\000o\000n\000D\000r\000o\000n\000e\000P\000o\000s\000\050\000\051}{subsection.4.16.2}% 151
\BOOKMARK [3][-]{subsubsection.4.16.2.2}{\376\377\0004\000.\0001\0006\000.\0002\000.\0002\000\040\000t\000e\000s\000t\000R\000e\000t\000i\000r\000e\000r\000C\000o\000l\000i\000s\000\050\000\051}{subsection.4.16.2}% 152
\BOOKMARK [1][-]{section.4.17}{\376\377\0004\000.\0001\0007\000\040\000R\000\351\000f\000\351\000r\000e\000n\000c\000e\000\040\000d\000e\000\040\000l\000a\000\040\000c\000l\000a\000s\000s\000e\000\040\000t\000e\000s\000t\000s\000V\000e\000c\000t\000e\000u\000r\000R\0003}{chapter.4}% 153
\BOOKMARK [1][-]{section.4.18}{\376\377\0004\000.\0001\0008\000\040\000R\000\351\000f\000\351\000r\000e\000n\000c\000e\000\040\000d\000e\000\040\000l\000a\000\040\000c\000l\000a\000s\000s\000e\000\040\000T\000r\000a\000c\000k\000B\000a\000l\000l\000C\000a\000m\000e\000r\000a}{chapter.4}% 154
\BOOKMARK [2][-]{subsection.4.18.1}{\376\377\0004\000.\0001\0008\000.\0001\000\040\000D\000e\000s\000c\000r\000i\000p\000t\000i\000o\000n\000\040\000d\000\351\000t\000a\000i\000l\000l\000\351\000e}{section.4.18}% 155
\BOOKMARK [1][-]{section.4.19}{\376\377\0004\000.\0001\0009\000\040\000R\000\351\000f\000\351\000r\000e\000n\000c\000e\000\040\000d\000e\000\040\000l\000a\000\040\000c\000l\000a\000s\000s\000e\000\040\000V\000e\000c\000t\000e\000u\000r\000R\0003}{chapter.4}% 156
\BOOKMARK [2][-]{subsection.4.19.1}{\376\377\0004\000.\0001\0009\000.\0001\000\040\000D\000e\000s\000c\000r\000i\000p\000t\000i\000o\000n\000\040\000d\000\351\000t\000a\000i\000l\000l\000\351\000e}{section.4.19}% 157
\BOOKMARK [2][-]{subsection.4.19.2}{\376\377\0004\000.\0001\0009\000.\0002\000\040\000D\000o\000c\000u\000m\000e\000n\000t\000a\000t\000i\000o\000n\000\040\000d\000e\000s\000\040\000c\000o\000n\000s\000t\000r\000u\000c\000t\000e\000u\000r\000s\000\040\000e\000t\000\040\000d\000e\000s\000t\000r\000u\000c\000t\000e\000u\000r}{section.4.19}% 158
\BOOKMARK [3][-]{subsubsection.4.19.2.1}{\376\377\0004\000.\0001\0009\000.\0002\000.\0001\000\040\000V\000e\000c\000t\000e\000u\000r\000R\0003\000\050\000\051\000\040\000[\0001\000/\0002\000]}{subsection.4.19.2}% 159
\BOOKMARK [3][-]{subsubsection.4.19.2.2}{\376\377\0004\000.\0001\0009\000.\0002\000.\0002\000\040\000V\000e\000c\000t\000e\000u\000r\000R\0003\000\050\000\051\000\040\000[\0002\000/\0002\000]}{subsection.4.19.2}% 160
\BOOKMARK [3][-]{subsubsection.4.19.2.3}{\376\377\0004\000.\0001\0009\000.\0002\000.\0003\000\040\000\040\000V\000e\000c\000t\000e\000u\000r\000R\0003\000\050\000\051}{subsection.4.19.2}% 161
\BOOKMARK [2][-]{subsection.4.19.3}{\376\377\0004\000.\0001\0009\000.\0003\000\040\000D\000o\000c\000u\000m\000e\000n\000t\000a\000t\000i\000o\000n\000\040\000d\000e\000s\000\040\000f\000o\000n\000c\000t\000i\000o\000n\000s\000\040\000m\000e\000m\000b\000r\000e\000s}{section.4.19}% 162
\BOOKMARK [3][-]{subsubsection.4.19.3.1}{\376\377\0004\000.\0001\0009\000.\0003\000.\0001\000\040\000d\000i\000v\000\050\000\051}{subsection.4.19.3}% 163
\BOOKMARK [3][-]{subsubsection.4.19.3.2}{\376\377\0004\000.\0001\0009\000.\0003\000.\0002\000\040\000e\000g\000a\000l\000\050\000\051}{subsection.4.19.3}% 164
\BOOKMARK [3][-]{subsubsection.4.19.3.3}{\376\377\0004\000.\0001\0009\000.\0003\000.\0003\000\040\000m\000u\000l\000t\000i\000\050\000\051}{subsection.4.19.3}% 165
\BOOKMARK [3][-]{subsubsection.4.19.3.4}{\376\377\0004\000.\0001\0009\000.\0003\000.\0004\000\040\000n\000o\000r\000m\000e\0002\000\050\000\051}{subsection.4.19.3}% 166
\BOOKMARK [3][-]{subsubsection.4.19.3.5}{\376\377\0004\000.\0001\0009\000.\0003\000.\0005\000\040\000n\000o\000r\000m\000e\0002\0002\000\050\000\051}{subsection.4.19.3}% 167
\BOOKMARK [3][-]{subsubsection.4.19.3.6}{\376\377\0004\000.\0001\0009\000.\0003\000.\0006\000\040\000o\000p\000e\000r\000a\000t\000o\000r\000*\000\050\000\051\000\040\000[\0001\000/\0002\000]}{subsection.4.19.3}% 168
\BOOKMARK [3][-]{subsubsection.4.19.3.7}{\376\377\0004\000.\0001\0009\000.\0003\000.\0007\000\040\000o\000p\000e\000r\000a\000t\000o\000r\000*\000\050\000\051\000\040\000[\0002\000/\0002\000]}{subsection.4.19.3}% 169
\BOOKMARK [3][-]{subsubsection.4.19.3.8}{\376\377\0004\000.\0001\0009\000.\0003\000.\0008\000\040\000o\000p\000e\000r\000a\000t\000o\000r\000+\000\050\000\051}{subsection.4.19.3}% 170
\BOOKMARK [3][-]{subsubsection.4.19.3.9}{\376\377\0004\000.\0001\0009\000.\0003\000.\0009\000\040\000o\000p\000e\000r\000a\000t\000o\000r\000+\000=\000\050\000\051}{subsection.4.19.3}% 171
\BOOKMARK [3][-]{subsubsection.4.19.3.10}{\376\377\0004\000.\0001\0009\000.\0003\000.\0001\0000\000\040\000o\000p\000e\000r\000a\000t\000o\000r\000-\000\050\000\051}{subsection.4.19.3}% 172
\BOOKMARK [3][-]{subsubsection.4.19.3.11}{\376\377\0004\000.\0001\0009\000.\0003\000.\0001\0001\000\040\000o\000p\000e\000r\000a\000t\000o\000r\000-\000=\000\050\000\051}{subsection.4.19.3}% 173
\BOOKMARK [3][-]{subsubsection.4.19.3.12}{\376\377\0004\000.\0001\0009\000.\0003\000.\0001\0002\000\040\000o\000p\000e\000r\000a\000t\000o\000r\000=\000\050\000\051}{subsection.4.19.3}% 174
\BOOKMARK [3][-]{subsubsection.4.19.3.13}{\376\377\0004\000.\0001\0009\000.\0003\000.\0001\0003\000\040\000o\000p\000e\000r\000a\000t\000o\000r\000[\000]\000\050\000\051}{subsection.4.19.3}% 175
\BOOKMARK [3][-]{subsubsection.4.19.3.14}{\376\377\0004\000.\0001\0009\000.\0003\000.\0001\0004\000\040\000p\000r\000o\000d\000V\000e\000c\000\050\000\051}{subsection.4.19.3}% 176
\BOOKMARK [3][-]{subsubsection.4.19.3.15}{\376\377\0004\000.\0001\0009\000.\0003\000.\0001\0005\000\040\000r\000e\000f\000l\000e\000x\000i\000o\000n\000P\000l\000a\000n\000O\000r\000t\000h\000o\000\050\000\051}{subsection.4.19.3}% 177
\BOOKMARK [3][-]{subsubsection.4.19.3.16}{\376\377\0004\000.\0001\0009\000.\0003\000.\0001\0006\000\040\000v\000a\000l\000e\000u\000r\000A\000b\000s\000o\000l\000u\000e\000\050\000\051}{subsection.4.19.3}% 178
\BOOKMARK [2][-]{subsection.4.19.4}{\376\377\0004\000.\0001\0009\000.\0004\000\040\000D\000o\000c\000u\000m\000e\000n\000t\000a\000t\000i\000o\000n\000\040\000d\000e\000s\000\040\000f\000o\000n\000c\000t\000i\000o\000n\000s\000\040\000a\000m\000i\000e\000s\000\040\000e\000t\000\040\000a\000s\000s\000o\000c\000i\000\351\000e\000s}{section.4.19}% 179
\BOOKMARK [3][-]{subsubsection.4.19.4.1}{\376\377\0004\000.\0001\0009\000.\0004\000.\0001\000\040\000o\000p\000e\000r\000a\000t\000o\000r\000<\000<}{subsection.4.19.4}% 180
\BOOKMARK [0][-]{chapter.5}{\376\377\0005\000\040\000D\000o\000c\000u\000m\000e\000n\000t\000a\000t\000i\000o\000n\000\040\000d\000e\000s\000\040\000f\000i\000c\000h\000i\000e\000r\000s}{}% 181
\BOOKMARK [1][-]{section.5.1}{\376\377\0005\000.\0001\000\040\000R\000\351\000f\000\351\000r\000e\000n\000c\000e\000\040\000d\000u\000\040\000f\000i\000c\000h\000i\000e\000r\000\040\000m\000a\000i\000n\000.\000c\000p\000p}{chapter.5}% 182
\BOOKMARK [2][-]{subsection.5.1.1}{\376\377\0005\000.\0001\000.\0001\000\040\000D\000e\000s\000c\000r\000i\000p\000t\000i\000o\000n\000\040\000d\000\351\000t\000a\000i\000l\000l\000\351\000e}{section.5.1}% 183
