# Command logfile created by Lynx 2.8.9dev.16 (11 Jul 2017)
# Arg0 = lynx
# Arg1 = -cmd-log=l.log
# Arg2 = https://webpbn.com/export.cgi/webpbn006965
key Down Arrow
key %%%
key Down Arrow
key Down Arrow
key Down Arrow
key Down Arrow
key Down Arrow
key Down Arrow
key Down Arrow
key Down Arrow
key Down Arrow
key Down Arrow
key Down Arrow
key Down Arrow
key Down Arrow
key Down Arrow
key Down Arrow
key Down Arrow
key Down Arrow
key Down Arrow
key Down Arrow
key Down Arrow
key Down Arrow
key Down Arrow
key Down Arrow
key Down Arrow
key Down Arrow
key Down Arrow
key Down Arrow
key Down Arrow
key Down Arrow
key Down Arrow
key Down Arrow
key Down Arrow
key Down Arrow
key Down Arrow
key Down Arrow
key Down Arrow
key Down Arrow
key Down Arrow
key Down Arrow
key Down Arrow
key Down Arrow
key Down Arrow
key Down Arrow
key Right Arrow
key Down Arrow
key Down Arrow
key Down Arrow
key Down Arrow
key Down Arrow
key Down Arrow
key Down Arrow
key Down Arrow
key Down Arrow
key ^J
key p
key ^J
key ^J
key q
key o
